<?xml version="1.0" encoding="UTF-8"?>
<testsuite name="virtual_pet.VirtualPetTest" tests="1" skipped="0" failures="0" errors="0" timestamp="2022-05-27T15:17:57" hostname="DESKTOP-3FN7BKG" time="0.053">
  <properties/>
  <testcase name="tickShouldIncreaseStatsBy2AndPrintStatus()" classname="virtual_pet.VirtualPetTest" time="0.053"/>
  <system-out><![CDATA[Charizard's Hunger: 2 Thirst: 2 boredom: 2
]]></system-out>
  <system-err><![CDATA[]]></system-err>
</testsuite>
